[2023-05-27T23:57:29.166] [WARN] warn - Ruta GET /all no implementada
[2023-05-28T00:36:32.955] [WARN] warn - Ruta GET /favicon.ico no implementada
[2023-05-28T00:36:41.368] [WARN] warn - Ruta GET /login-error no implementada
[2023-05-28T00:38:09.601] [WARN] warn - Ruta GET /login-error no implementada
[2023-05-28T00:39:08.513] [WARN] warn - Ruta GET /../ no implementada
[2023-05-28T00:39:37.957] [WARN] warn - Ruta GET /../ no implementada
[2023-05-28T00:39:51.414] [WARN] warn - Ruta GET /favicon.ico no implementada
[2023-05-28T00:40:14.790] [WARN] warn - Ruta GET /favicon.ico no implementada
[2023-05-28T00:40:17.592] [WARN] warn - Ruta GET /favicon.ico no implementada
[2023-05-28T00:44:12.489] [WARN] warn - Ruta GET /favicon.ico no implementada
[2023-05-28T00:44:16.848] [WARN] warn - Ruta GET /login-error no implementada
[2023-05-28T00:45:26.321] [WARN] warn - Ruta GET /main.js no implementada
[2023-05-28T00:45:32.892] [WARN] warn - Ruta GET /favicon.ico no implementada
[2023-05-28T00:46:59.882] [WARN] warn - Ruta GET /favicon.ico no implementada
[2023-05-28T00:47:52.412] [WARN] warn - Ruta GET /favicon.ico no implementada
[2023-05-28T00:48:13.323] [WARN] warn - Ruta GET /favicon.ico no implementada
[2023-05-28T00:48:19.239] [WARN] warn - Ruta GET /favicon.ico no implementada
[2023-05-28T00:48:35.317] [WARN] warn - Ruta GET /favicon.ico no implementada
[2023-05-28T01:36:51.298] [WARN] warn - Ruta GET /favicon.ico no implementada
[2023-05-28T01:37:41.064] [WARN] warn - Ruta GET /favicon.ico no implementada
[2023-05-28T01:37:42.941] [WARN] warn - Ruta GET /favicon.ico no implementada
[2023-05-28T01:38:04.423] [WARN] warn - Ruta GET /favicon.ico no implementada
[2023-05-28T01:43:23.602] [WARN] warn - Ruta GET /favicon.ico no implementada
[2023-05-28T01:56:36.047] [WARN] warn - Ruta GET /favicon.ico no implementada
[2023-05-28T01:56:38.195] [WARN] warn - Ruta GET /favicon.ico no implementada
[2023-05-28T02:07:25.900] [WARN] warn - Ruta GET /favicon.ico no implementada
[2023-05-28T02:07:30.361] [WARN] warn - Ruta GET /favicon.ico no implementada
[2023-05-28T02:10:28.163] [WARN] warn - Ruta GET /favicon.ico no implementada
[2023-05-28T02:10:29.562] [WARN] warn - Ruta GET /favicon.ico no implementada
[2023-05-28T02:13:00.333] [WARN] warn - Ruta GET /favicon.ico no implementada
[2023-05-28T02:14:23.346] [WARN] warn - Ruta GET /favicon.ico no implementada
[2023-05-28T02:22:09.957] [WARN] warn - Ruta GET /favicon.ico no implementada
[2023-05-28T02:22:54.400] [WARN] warn - Ruta GET /favicon.ico no implementada
[2023-05-28T02:27:11.925] [WARN] warn - Ruta GET /favicon.ico no implementada
[2023-05-28T02:27:14.178] [WARN] warn - Ruta GET /favicon.ico no implementada
[2023-05-28T02:28:11.748] [WARN] warn - Ruta GET /favicon.ico no implementada
[2023-05-28T02:30:52.700] [WARN] warn - Ruta GET /favicon.ico no implementada
[2023-05-28T02:35:49.465] [WARN] warn - Ruta GET /favicon.ico no implementada
[2023-05-28T02:39:48.221] [WARN] warn - Ruta GET /favicon.ico no implementada
[2023-05-28T02:41:01.374] [WARN] warn - Ruta GET /favicon.ico no implementada
[2023-05-28T02:42:14.125] [WARN] warn - Ruta GET /favicon.ico no implementada
[2023-05-28T02:44:01.828] [WARN] warn - Ruta GET /favicon.ico no implementada
[2023-05-28T03:02:40.373] [WARN] warn - Ruta GET /favicon.ico no implementada
[2023-05-28T03:19:49.338] [WARN] warn - Ruta GET /favicon.ico no implementada
[2023-05-28T03:20:11.097] [WARN] warn - Ruta GET /favicon.ico no implementada
[2023-05-28T03:20:24.943] [WARN] warn - Ruta GET /favicon.ico no implementada
[2023-05-28T03:21:02.896] [WARN] warn - Ruta GET /favicon.ico no implementada
[2023-05-28T03:21:10.248] [WARN] warn - Ruta GET /favicon.ico no implementada
[2023-05-28T03:21:20.927] [WARN] warn - Ruta GET /favicon.ico no implementada
[2023-05-28T03:21:36.135] [WARN] warn - Ruta GET /favicon.ico no implementada
[2023-05-28T03:22:04.920] [WARN] warn - Ruta GET /favicon.ico no implementada
[2023-05-28T03:22:07.023] [WARN] warn - Ruta GET /favicon.ico no implementada
[2023-05-28T03:22:10.615] [WARN] warn - Ruta GET /favicon.ico no implementada
[2023-05-28T03:22:15.135] [WARN] warn - Ruta GET /favicon.ico no implementada
[2023-05-28T03:22:42.508] [WARN] warn - Ruta GET /favicon.ico no implementada
[2023-05-28T20:05:51.721] [WARN] warn - Ruta GET /favicon.ico no implementada
[2023-05-28T20:05:57.983] [WARN] warn - Ruta GET /favicon.ico no implementada
[2023-05-28T20:06:50.877] [WARN] warn - Ruta GET /favicon.ico no implementada
[2023-05-28T20:07:17.673] [WARN] warn - Ruta GET /favicon.ico no implementada
[2023-05-28T20:11:34.407] [WARN] warn - Ruta GET /favicon.ico no implementada
[2023-05-28T20:12:11.779] [WARN] warn - Ruta GET /favicon.ico no implementada
[2023-05-28T20:13:15.407] [WARN] warn - Ruta GET /favicon.ico no implementada
[2023-05-28T20:13:27.648] [WARN] warn - Ruta GET /favicon.ico no implementada
[2023-05-28T20:13:57.126] [WARN] warn - Ruta GET /favicon.ico no implementada
[2023-05-28T20:14:22.271] [WARN] warn - Ruta GET /favicon.ico no implementada
[2023-05-28T20:14:45.984] [WARN] warn - Ruta GET /favicon.ico no implementada
[2023-05-28T20:15:35.112] [WARN] warn - Ruta GET /favicon.ico no implementada
[2023-05-28T20:16:01.469] [WARN] warn - Ruta GET /favicon.ico no implementada
[2023-05-28T20:16:37.333] [WARN] warn - Ruta GET /favicon.ico no implementada
[2023-05-28T20:16:46.068] [WARN] warn - Ruta GET /favicon.ico no implementada
[2023-05-28T20:17:20.338] [WARN] warn - Ruta GET /favicon.ico no implementada
[2023-05-28T20:17:30.929] [WARN] warn - Ruta GET /favicon.ico no implementada
[2023-05-28T20:18:16.116] [WARN] warn - Ruta GET /favicon.ico no implementada
[2023-05-28T20:18:17.500] [WARN] warn - Ruta GET /favicon.ico no implementada
[2023-05-28T20:18:25.222] [WARN] warn - Ruta GET /favicon.ico no implementada
[2023-05-28T20:36:54.382] [WARN] warn - Ruta GET /favicon.ico no implementada
[2023-05-28T20:37:01.252] [WARN] warn - Ruta GET /favicon.ico no implementada
[2023-05-28T20:37:25.400] [WARN] warn - Ruta GET /favicon.ico no implementada
[2023-05-28T20:37:34.737] [WARN] warn - Ruta GET /favicon.ico no implementada
[2023-05-28T20:37:35.444] [WARN] warn - Ruta GET /favicon.ico no implementada
[2023-05-28T20:37:37.100] [WARN] warn - Ruta GET /favicon.ico no implementada
[2023-05-28T20:43:24.284] [WARN] warn - Ruta GET /favicon.ico no implementada
[2023-05-28T20:43:41.215] [WARN] warn - Ruta GET /favicon.ico no implementada
[2023-05-28T20:44:01.293] [WARN] warn - Ruta GET /favicon.ico no implementada
[2023-05-28T20:44:01.553] [WARN] warn - Ruta GET /favicon.ico no implementada
[2023-05-28T20:50:38.679] [WARN] warn - Ruta GET /favicon.ico no implementada
[2023-05-28T20:50:41.908] [WARN] warn - Ruta GET /favicon.ico no implementada
[2023-05-28T20:50:56.387] [WARN] warn - Ruta GET /favicon.ico no implementada
[2023-05-28T20:51:16.423] [WARN] warn - Ruta GET /favicon.ico no implementada
[2023-05-28T20:51:24.968] [WARN] warn - Ruta GET /favicon.ico no implementada
[2023-05-28T20:51:32.975] [WARN] warn - Ruta GET /favicon.ico no implementada
[2023-05-28T20:51:52.973] [WARN] warn - Ruta GET /favicon.ico no implementada
[2023-05-28T20:53:10.002] [WARN] warn - Ruta GET /favicon.ico no implementada
[2023-05-28T20:53:22.972] [WARN] warn - Ruta GET /favicon.ico no implementada
[2023-05-28T20:53:34.949] [WARN] warn - Ruta GET /favicon.ico no implementada
[2023-05-28T20:53:40.161] [WARN] warn - Ruta GET /favicon.ico no implementada
[2023-05-28T20:53:42.054] [WARN] warn - Ruta GET /favicon.ico no implementada
[2023-05-28T20:53:43.426] [WARN] warn - Ruta GET /favicon.ico no implementada
[2023-05-28T20:54:14.398] [WARN] warn - Ruta GET /favicon.ico no implementada
[2023-05-28T20:54:39.815] [WARN] warn - Ruta GET /favicon.ico no implementada
[2023-05-28T20:54:41.428] [WARN] warn - Ruta GET /favicon.ico no implementada
[2023-05-28T20:55:13.723] [WARN] warn - Ruta GET /favicon.ico no implementada
[2023-05-28T20:55:14.200] [WARN] warn - Ruta GET /favicon.ico no implementada
[2023-05-28T20:55:16.540] [WARN] warn - Ruta GET /favicon.ico no implementada
[2023-05-28T20:58:15.713] [WARN] warn - Ruta GET /favicon.ico no implementada
[2023-05-28T20:58:43.249] [WARN] warn - Ruta GET /favicon.ico no implementada
[2023-05-28T20:58:44.497] [WARN] warn - Ruta GET /favicon.ico no implementada
[2023-05-28T20:58:47.058] [WARN] warn - Ruta GET /favicon.ico no implementada
[2023-05-28T21:01:47.581] [WARN] warn - Ruta GET /favicon.ico no implementada
[2023-05-28T21:02:15.339] [WARN] warn - Ruta GET /favicon.ico no implementada
[2023-05-28T21:02:16.506] [WARN] warn - Ruta GET /favicon.ico no implementada
[2023-05-28T21:02:18.745] [WARN] warn - Ruta GET /favicon.ico no implementada
[2023-05-28T21:02:59.681] [WARN] warn - Ruta GET /favicon.ico no implementada
[2023-05-28T21:03:32.471] [WARN] warn - Ruta GET /favicon.ico no implementada
[2023-05-28T21:03:33.308] [WARN] warn - Ruta GET /favicon.ico no implementada
[2023-05-28T21:03:35.344] [WARN] warn - Ruta GET /favicon.ico no implementada
[2023-05-28T21:30:33.381] [WARN] warn - Ruta GET /chat no implementada
[2023-05-28T21:30:49.498] [WARN] warn - Ruta GET /chat/maxi87luc no implementada
[2023-05-28T21:31:24.804] [WARN] warn - Ruta GET /chat/maxi87luc no implementada
[2023-05-28T21:31:30.367] [WARN] warn - Ruta GET /chat no implementada
[2023-05-28T21:31:49.516] [WARN] warn - Ruta GET /chat no implementada
[2023-05-28T21:31:58.210] [WARN] warn - Ruta GET /chat/1234 no implementada
[2023-05-28T21:32:40.060] [WARN] warn - Ruta GET /chat/1234 no implementada
[2023-05-28T21:32:45.268] [WARN] warn - Ruta GET /chat no implementada
[2023-05-28T21:32:50.570] [WARN] warn - Ruta GET /chat no implementada
[2023-05-28T21:34:42.334] [WARN] warn - Ruta GET /chat no implementada
[2023-05-28T21:49:11.466] [WARN] warn - Ruta GET /chat no implementada
[2023-05-28T22:21:22.077] [WARN] warn - Ruta GET /main.js no implementada
[2023-05-28T22:21:22.079] [WARN] warn - Ruta GET /socket.io/?EIO=4&transport=polling&t=OXb67L2 no implementada
[2023-05-28T22:21:42.983] [WARN] warn - Ruta GET /socket.io/?EIO=4&transport=polling&t=OXb6CWD no implementada
[2023-05-28T22:22:05.551] [WARN] warn - Ruta GET /socket.io/?EIO=4&transport=polling&t=OXb6I0s no implementada
[2023-05-28T22:22:29.865] [WARN] warn - Ruta GET /socket.io/?EIO=4&transport=polling&t=OXb6Nzc no implementada
[2023-05-28T22:22:54.895] [WARN] warn - Ruta GET /socket.io/?EIO=4&transport=polling&t=OXb6U4f no implementada
[2023-05-28T22:23:22.222] [WARN] warn - Ruta GET /socket.io/?EIO=4&transport=polling&t=OXb6aBi no implementada
[2023-05-28T22:23:36.606] [WARN] warn - Ruta GET /main.js no implementada
[2023-05-28T22:23:36.615] [WARN] warn - Ruta GET /socket.io/?EIO=4&transport=polling&t=OXb6eFq no implementada
[2023-05-28T22:23:57.316] [WARN] warn - Ruta GET /socket.io/?EIO=4&transport=polling&t=OXb6jJK no implementada
[2023-05-28T22:24:18.518] [WARN] warn - Ruta GET /socket.io/?EIO=4&transport=polling&t=OXb6oUX no implementada
[2023-05-28T22:24:43.477] [WARN] warn - Ruta GET /socket.io/?EIO=4&transport=polling&t=OXb6ubH no implementada
[2023-05-28T22:25:08.268] [WARN] warn - Ruta GET /socket.io/?EIO=4&transport=polling&t=OXb6-ea no implementada
[2023-05-28T22:25:59.412] [WARN] warn - Ruta GET /socket.io/?EIO=4&transport=polling&t=OXb74lQ no implementada
[2023-05-28T22:26:04.423] [WARN] warn - Ruta GET /socket.io/?EIO=4&transport=polling&t=OXb7CL- no implementada
[2023-05-28T22:26:31.284] [WARN] warn - Ruta GET /socket.io/?EIO=4&transport=polling&t=OXb7ISv no implementada
[2023-05-28T22:26:36.128] [WARN] warn - Ruta GET /main.js no implementada
[2023-05-28T22:26:36.164] [WARN] warn - Ruta GET /socket.io/?EIO=4&transport=polling&t=OXb7K16 no implementada
[2023-05-28T22:26:57.297] [WARN] warn - Ruta GET /socket.io/?EIO=4&transport=polling&t=OXb7PFS no implementada
[2023-05-28T22:27:20.104] [WARN] warn - Ruta GET /socket.io/?EIO=4&transport=polling&t=OXb7Upk no implementada
[2023-05-28T22:27:43.820] [WARN] warn - Ruta GET /socket.io/?EIO=4&transport=polling&t=OXb7aMo no implementada
[2023-05-28T22:27:48.831] [WARN] warn - Ruta GET /main.js no implementada
[2023-05-28T22:27:49.129] [WARN] warn - Ruta GET /socket.io/?EIO=4&transport=polling&t=OXb7br6 no implementada
[2023-05-28T22:28:09.478] [WARN] warn - Ruta GET /socket.io/?EIO=4&transport=polling&t=OXb7gsy no implementada
[2023-05-28T22:28:32.179] [WARN] warn - Ruta GET /socket.io/?EIO=4&transport=polling&t=OXb7mPz no implementada
[2023-05-28T22:28:57.136] [WARN] warn - Ruta GET /socket.io/?EIO=4&transport=polling&t=OXb7sWj no implementada
[2023-05-28T22:29:22.144] [WARN] warn - Ruta GET /socket.io/?EIO=4&transport=polling&t=OXb7ydQ no implementada
[2023-05-28T22:30:55.268] [WARN] warn - Ruta GET /socket.io/?EIO=4&transport=polling&t=OXb8JMS no implementada
[2023-05-28T22:30:56.617] [WARN] warn - Ruta GET /favicon.ico no implementada
[2023-05-28T22:30:57.259] [WARN] warn - Ruta GET /socket.io/?EIO=4&transport=polling&t=OXb8JdT no implementada
[2023-05-28T22:31:17.803] [WARN] warn - Ruta GET /socket.io/?EIO=4&transport=polling&t=OXb8Ork no implementada
[2023-05-28T22:31:39.207] [WARN] warn - Ruta GET /socket.io/?EIO=4&transport=polling&t=OXb8U3s no implementada
[2023-05-28T22:32:02.725] [WARN] warn - Ruta GET /socket.io/?EIO=4&transport=polling&t=OXb8ZqT no implementada
[2023-05-28T22:32:27.742] [WARN] warn - Ruta GET /socket.io/?EIO=4&transport=polling&t=OXb8fxN no implementada
[2023-05-28T22:34:39.102] [WARN] warn - Ruta GET /socket.io/?EIO=4&transport=polling&t=OXb99_A no implementada
[2023-05-28T22:34:40.016] [WARN] warn - Ruta GET /favicon.ico no implementada
[2023-05-28T22:35:00.585] [WARN] warn - Ruta GET /socket.io/?EIO=4&transport=polling&t=OXb9FEn no implementada
[2023-05-28T22:35:22.712] [WARN] warn - Ruta GET /socket.io/?EIO=4&transport=polling&t=OXb9KeU no implementada
[2023-05-28T22:35:45.753] [WARN] warn - Ruta GET /socket.io/?EIO=4&transport=polling&t=OXb9QHM no implementada
[2023-05-28T22:36:10.419] [WARN] warn - Ruta GET /socket.io/?EIO=4&transport=polling&t=OXb9WIj no implementada
[2023-05-28T22:50:22.678] [WARN] warn - Ruta GET /socket.io/?EIO=4&transport=polling&t=OXbCmNE no implementada
[2023-05-28T22:51:28.196] [WARN] warn - Ruta GET /socket.io/?EIO=4&transport=polling&t=OXbD0MJ no implementada
[2023-05-28T22:51:28.480] [WARN] warn - Ruta GET /favicon.ico no implementada
[2023-05-28T22:51:49.408] [WARN] warn - Ruta GET /socket.io/?EIO=4&transport=polling&t=OXbD5Xd no implementada
[2023-05-28T22:52:10.825] [WARN] warn - Ruta GET /socket.io/?EIO=4&transport=polling&t=OXbDAmI no implementada
[2023-05-28T22:52:34.683] [WARN] warn - Ruta GET /socket.io/?EIO=4&transport=polling&t=OXbDGbs no implementada
[2023-05-28T22:52:59.714] [WARN] warn - Ruta GET /socket.io/?EIO=4&transport=polling&t=OXbDMiw no implementada
[2023-05-28T22:55:04.549] [WARN] warn - Ruta GET /favicon.ico no implementada
[2023-05-28T22:55:04.623] [WARN] warn - Ruta GET /socket.io/?EIO=4&transport=polling&t=OXbDqzW no implementada
[2023-05-28T22:55:24.319] [WARN] warn - Ruta GET /socket.io/?EIO=4&transport=polling&t=OXbDv_e no implementada
[2023-05-28T22:55:46.530] [WARN] warn - Ruta GET /socket.io/?EIO=4&transport=polling&t=OXbD_Qh no implementada
[2023-05-28T22:56:10.443] [WARN] warn - Ruta GET /socket.io/?EIO=4&transport=polling&t=OXbE5H8 no implementada
[2023-05-28T22:57:23.371] [WARN] warn - Ruta GET /socket.io/?EIO=4&transport=polling&t=OXbEN4V no implementada
[2023-05-28T22:57:48.387] [WARN] warn - Ruta GET /socket.io/?EIO=4&transport=polling&t=OXbETBT no implementada
[2023-05-28T22:58:13.404] [WARN] warn - Ruta GET /socket.io/?EIO=4&transport=polling&t=OXbEZIM no implementada
[2023-05-28T22:58:38.420] [WARN] warn - Ruta GET /socket.io/?EIO=4&transport=polling&t=OXbEfPE no implementada
[2023-05-28T22:59:03.440] [WARN] warn - Ruta GET /socket.io/?EIO=4&transport=polling&t=OXbElW8 no implementada
[2023-05-28T22:59:28.457] [WARN] warn - Ruta GET /socket.io/?EIO=4&transport=polling&t=OXbErd0 no implementada
[2023-05-28T23:03:44.374] [WARN] warn - Ruta GET /socket.io/?EIO=4&transport=polling&t=OXbFpvI no implementada
[2023-05-28T23:03:48.456] [WARN] warn - Ruta GET /socket.io/?EIO=4&transport=polling&t=OXbFr4o no implementada
[2023-05-28T23:03:48.467] [WARN] warn - Ruta GET /favicon.ico no implementada
[2023-05-28T23:04:09.549] [WARN] warn - Ruta GET /socket.io/?EIO=4&transport=polling&t=OXbFwEK no implementada
[2023-05-28T23:04:31.296] [WARN] warn - Ruta GET /socket.io/?EIO=4&transport=polling&t=OXbF_YB no implementada
[2023-05-28T23:08:19.810] [WARN] warn - Ruta GET /socket.io/?EIO=4&transport=polling&t=OXbGtLQ no implementada
[2023-05-28T23:08:40.380] [WARN] warn - Ruta GET /socket.io/?EIO=4&transport=polling&t=OXbGyM8 no implementada
[2023-05-28T23:08:40.638] [WARN] warn - Ruta GET /favicon.ico no implementada
[2023-05-28T23:09:01.075] [WARN] warn - Ruta GET /socket.io/?EIO=4&transport=polling&t=OXbH1PS no implementada
[2023-05-28T23:09:23.195] [WARN] warn - Ruta GET /socket.io/?EIO=4&transport=polling&t=OXbH6p7 no implementada
[2023-05-28T23:09:45.467] [WARN] warn - Ruta GET /socket.io/?EIO=4&transport=polling&t=OXbHCFt no implementada
[2023-05-28T23:10:10.492] [WARN] warn - Ruta GET /socket.io/?EIO=4&transport=polling&t=OXbHIMv no implementada
[2023-05-28T23:10:56.697] [WARN] warn - Ruta GET /socket.io/?EIO=4&transport=polling&t=OXbHTep no implementada
[2023-05-28T23:11:00.128] [WARN] warn - Ruta GET /socket.io/?EIO=4&transport=polling&t=OXbHUTm no implementada
[2023-05-28T23:11:00.383] [WARN] warn - Ruta GET /favicon.ico no implementada
[2023-05-28T23:11:21.619] [WARN] warn - Ruta GET /socket.io/?EIO=4&transport=polling&t=OXbHZjZ no implementada
[2023-05-28T23:11:43.011] [WARN] warn - Ruta GET /socket.io/?EIO=4&transport=polling&t=OXbHexl no implementada
[2023-05-28T23:12:04.391] [WARN] warn - Ruta GET /socket.io/?EIO=4&transport=polling&t=OXbHkAV no implementada
[2023-05-28T23:12:15.052] [WARN] warn - Ruta GET /socket.io/?EIO=4&transport=polling&t=OXbHmmS no implementada
[2023-05-28T23:12:15.576] [WARN] warn - Ruta GET /favicon.ico no implementada
[2023-05-28T23:12:35.746] [WARN] warn - Ruta GET /socket.io/?EIO=4&transport=polling&t=OXbHrpf no implementada
[2023-05-28T23:12:56.949] [WARN] warn - Ruta GET /socket.io/?EIO=4&transport=polling&t=OXbHw_3 no implementada
[2023-05-28T23:13:19.689] [WARN] warn - Ruta GET /socket.io/?EIO=4&transport=polling&t=OXbI0Z5 no implementada
[2023-05-28T23:13:44.718] [WARN] warn - Ruta GET /socket.io/?EIO=4&transport=polling&t=OXbI6g9 no implementada
[2023-05-28T23:14:03.681] [WARN] warn - Ruta GET /socket.io/?EIO=4&transport=polling&t=OXbIBIR no implementada
[2023-05-28T23:14:06.044] [WARN] warn - Ruta GET /socket.io/?EIO=4&transport=polling&t=OXbIBsa no implementada
[2023-05-28T23:14:06.342] [WARN] warn - Ruta GET /favicon.ico no implementada
[2023-05-28T23:14:27.240] [WARN] warn - Ruta GET /socket.io/?EIO=4&transport=polling&t=OXbIH1k no implementada
[2023-05-28T23:14:42.712] [WARN] warn - Ruta GET /socket.io/?EIO=4&transport=polling&t=OXbIKQm no implementada
[2023-05-28T23:15:06.099] [WARN] warn - Ruta GET /socket.io/?EIO=4&transport=polling&t=OXbIQXj no implementada
[2023-05-28T23:15:30.694] [WARN] warn - Ruta GET /socket.io/?EIO=4&transport=polling&t=OXbIWX- no implementada
[2023-05-28T23:15:55.711] [WARN] warn - Ruta GET /socket.io/?EIO=4&transport=polling&t=OXbIceu no implementada
[2023-05-28T23:17:28.816] [WARN] warn - Ruta GET /socket.io/?EIO=4&transport=polling&t=OXbIyd_ no implementada
[2023-05-28T23:17:33.935] [WARN] warn - Ruta GET /socket.io/?EIO=4&transport=polling&t=OXbI-cq no implementada
[2023-05-28T23:17:39.063] [WARN] warn - Ruta GET /socket.io/?EIO=4&transport=polling&t=OXbI_sz no implementada
[2023-05-28T23:17:44.184] [WARN] warn - Ruta GET /socket.io/?EIO=4&transport=polling&t=OXbJ16- no implementada
[2023-05-28T23:17:49.300] [WARN] warn - Ruta GET /socket.io/?EIO=4&transport=polling&t=OXbJ2Mv no implementada
[2023-05-28T23:17:54.448] [WARN] warn - Ruta GET /socket.io/?EIO=4&transport=polling&t=OXbJ3dU no implementada
[2023-05-28T23:17:59.583] [WARN] warn - Ruta GET /socket.io/?EIO=4&transport=polling&t=OXbJ4tX no implementada
[2023-05-28T23:18:04.708] [WARN] warn - Ruta GET /socket.io/?EIO=4&transport=polling&t=OXbJ67i no implementada
[2023-05-28T23:18:09.839] [WARN] warn - Ruta GET /socket.io/?EIO=4&transport=polling&t=OXbJ7Nn no implementada
[2023-05-28T23:18:14.917] [WARN] warn - Ruta GET /socket.io/?EIO=4&transport=polling&t=OXbJ8d_ no implementada
[2023-05-28T23:18:20.979] [WARN] warn - Ruta GET /socket.io/?EIO=4&transport=polling&t=OXbJA5u no implementada
[2023-05-28T23:18:26.979] [WARN] warn - Ruta GET /socket.io/?EIO=4&transport=polling&t=OXbJBZh no implementada
[2023-05-28T23:18:32.984] [WARN] warn - Ruta GET /socket.io/?EIO=4&transport=polling&t=OXbJD1Y no implementada
[2023-05-28T23:18:38.980] [WARN] warn - Ruta GET /socket.io/?EIO=4&transport=polling&t=OXbJEVD no implementada
[2023-05-28T23:18:44.977] [WARN] warn - Ruta GET /socket.io/?EIO=4&transport=polling&t=OXbJFyw no implementada
[2023-05-28T23:18:51.003] [WARN] warn - Ruta GET /socket.io/?EIO=4&transport=polling&t=OXbJHQn no implementada
[2023-05-28T23:18:56.976] [WARN] warn - Ruta GET /socket.io/?EIO=4&transport=polling&t=OXbJIuP no implementada
[2023-05-28T23:19:02.978] [WARN] warn - Ruta GET /socket.io/?EIO=4&transport=polling&t=OXbJKMD no implementada
[2023-05-28T23:20:15.128] [WARN] warn - Ruta GET /favicon.ico no implementada
